c:\users\di\documents\visual studio 2017\projects\game0\vs-2019\x64\debug\vc142.pdb
c:\users\di\documents\visual studio 2017\projects\game0\vs-2019\x64\debug\vc142.idb
c:\users\di\documents\visual studio 2017\projects\game0\vs-2019\x64\debug\star.obj
c:\users\di\documents\visual studio 2017\projects\game0\vs-2019\x64\debug\saucer.obj
c:\users\di\documents\visual studio 2017\projects\game0\vs-2019\x64\debug\reticle.obj
c:\users\di\documents\visual studio 2017\projects\game0\vs-2019\x64\debug\points.obj
c:\users\di\documents\visual studio 2017\projects\game0\vs-2019\x64\debug\hero.obj
c:\users\di\documents\visual studio 2017\projects\game0\vs-2019\x64\debug\healthpack.obj
c:\users\di\documents\visual studio 2017\projects\game0\vs-2019\x64\debug\gamestart.obj
c:\users\di\documents\visual studio 2017\projects\game0\vs-2019\x64\debug\gameover.obj
c:\users\di\documents\visual studio 2017\projects\game0\vs-2019\x64\debug\explosion.obj
c:\users\di\documents\visual studio 2017\projects\game0\vs-2019\x64\debug\eventnuke.obj
c:\users\di\documents\visual studio 2017\projects\game0\vs-2019\x64\debug\eventhealth.obj
c:\users\di\documents\visual studio 2017\projects\game0\vs-2019\x64\debug\bullet.obj
c:\users\di\documents\visual studio 2017\projects\game0\vs-2019\x64\debug\game.obj
c:\users\di\documents\visual studio 2017\projects\game0\vs-2019\x64\debug\saucer-shoot.exe
c:\users\di\documents\visual studio 2017\projects\game0\vs-2019\x64\debug\saucer-shoot.ilk
c:\users\di\documents\visual studio 2017\projects\game0\vs-2019\x64\debug\saucer-shoot.pdb
c:\users\di\documents\visual studio 2017\projects\game0\vs-2019\x64\debug\saucer-shoot.tlog\cl.command.1.tlog
c:\users\di\documents\visual studio 2017\projects\game0\vs-2019\x64\debug\saucer-shoot.tlog\cl.read.1.tlog
c:\users\di\documents\visual studio 2017\projects\game0\vs-2019\x64\debug\saucer-shoot.tlog\cl.write.1.tlog
c:\users\di\documents\visual studio 2017\projects\game0\vs-2019\x64\debug\saucer-shoot.tlog\link.command.1.tlog
c:\users\di\documents\visual studio 2017\projects\game0\vs-2019\x64\debug\saucer-shoot.tlog\link.read.1.tlog
c:\users\di\documents\visual studio 2017\projects\game0\vs-2019\x64\debug\saucer-shoot.tlog\link.write.1.tlog
