  game.cpp
  Generating code
  Previous IPDB not found, fall back to full compilation.
  All 76 functions were compiled because no usable IPDB/IOBJ from previous compilation was found.
  Finished generating code
libdragonfly-x64-release.lib(Animation.obj) : warning LNK4099: PDB 'dragonfly.pdb' was not found with 'libdragonfly-x64-release.lib(Animation.obj)' or at 'C:\Users\di\Documents\Visual Studio 2017\Projects\game0\vs-2019\x64\Release\dragonfly.pdb'; linking object as if no debug info
libdragonfly-x64-release.lib(Box.obj) : warning LNK4099: PDB 'dragonfly.pdb' was not found with 'libdragonfly-x64-release.lib(Box.obj)' or at 'C:\Users\di\Documents\Visual Studio 2017\Projects\game0\vs-2019\x64\Release\dragonfly.pdb'; linking object as if no debug info
libdragonfly-x64-release.lib(Circle.obj) : warning LNK4099: PDB 'dragonfly.pdb' was not found with 'libdragonfly-x64-release.lib(Circle.obj)' or at 'C:\Users\di\Documents\Visual Studio 2017\Projects\game0\vs-2019\x64\Release\dragonfly.pdb'; linking object as if no debug info
libdragonfly-x64-release.lib(Clock.obj) : warning LNK4099: PDB 'dragonfly.pdb' was not found with 'libdragonfly-x64-release.lib(Clock.obj)' or at 'C:\Users\di\Documents\Visual Studio 2017\Projects\game0\vs-2019\x64\Release\dragonfly.pdb'; linking object as if no debug info
libdragonfly-x64-release.lib(Config.obj) : warning LNK4099: PDB 'dragonfly.pdb' was not found with 'libdragonfly-x64-release.lib(Config.obj)' or at 'C:\Users\di\Documents\Visual Studio 2017\Projects\game0\vs-2019\x64\Release\dragonfly.pdb'; linking object as if no debug info
libdragonfly-x64-release.lib(DisplayManager.obj) : warning LNK4099: PDB 'dragonfly.pdb' was not found with 'libdragonfly-x64-release.lib(DisplayManager.obj)' or at 'C:\Users\di\Documents\Visual Studio 2017\Projects\game0\vs-2019\x64\Release\dragonfly.pdb'; linking object as if no debug info
libdragonfly-x64-release.lib(Event.obj) : warning LNK4099: PDB 'dragonfly.pdb' was not found with 'libdragonfly-x64-release.lib(Event.obj)' or at 'C:\Users\di\Documents\Visual Studio 2017\Projects\game0\vs-2019\x64\Release\dragonfly.pdb'; linking object as if no debug info
libdragonfly-x64-release.lib(EventCollision.obj) : warning LNK4099: PDB 'dragonfly.pdb' was not found with 'libdragonfly-x64-release.lib(EventCollision.obj)' or at 'C:\Users\di\Documents\Visual Studio 2017\Projects\game0\vs-2019\x64\Release\dragonfly.pdb'; linking object as if no debug info
libdragonfly-x64-release.lib(EventKeyboard.obj) : warning LNK4099: PDB 'dragonfly.pdb' was not found with 'libdragonfly-x64-release.lib(EventKeyboard.obj)' or at 'C:\Users\di\Documents\Visual Studio 2017\Projects\game0\vs-2019\x64\Release\dragonfly.pdb'; linking object as if no debug info
libdragonfly-x64-release.lib(EventMouse.obj) : warning LNK4099: PDB 'dragonfly.pdb' was not found with 'libdragonfly-x64-release.lib(EventMouse.obj)' or at 'C:\Users\di\Documents\Visual Studio 2017\Projects\game0\vs-2019\x64\Release\dragonfly.pdb'; linking object as if no debug info
libdragonfly-x64-release.lib(EventNetwork.obj) : warning LNK4099: PDB 'dragonfly.pdb' was not found with 'libdragonfly-x64-release.lib(EventNetwork.obj)' or at 'C:\Users\di\Documents\Visual Studio 2017\Projects\game0\vs-2019\x64\Release\dragonfly.pdb'; linking object as if no debug info
libdragonfly-x64-release.lib(EventOut.obj) : warning LNK4099: PDB 'dragonfly.pdb' was not found with 'libdragonfly-x64-release.lib(EventOut.obj)' or at 'C:\Users\di\Documents\Visual Studio 2017\Projects\game0\vs-2019\x64\Release\dragonfly.pdb'; linking object as if no debug info
libdragonfly-x64-release.lib(EventPath.obj) : warning LNK4099: PDB 'dragonfly.pdb' was not found with 'libdragonfly-x64-release.lib(EventPath.obj)' or at 'C:\Users\di\Documents\Visual Studio 2017\Projects\game0\vs-2019\x64\Release\dragonfly.pdb'; linking object as if no debug info
libdragonfly-x64-release.lib(EventStep.obj) : warning LNK4099: PDB 'dragonfly.pdb' was not found with 'libdragonfly-x64-release.lib(EventStep.obj)' or at 'C:\Users\di\Documents\Visual Studio 2017\Projects\game0\vs-2019\x64\Release\dragonfly.pdb'; linking object as if no debug info
libdragonfly-x64-release.lib(Firework.obj) : warning LNK4099: PDB 'dragonfly.pdb' was not found with 'libdragonfly-x64-release.lib(Firework.obj)' or at 'C:\Users\di\Documents\Visual Studio 2017\Projects\game0\vs-2019\x64\Release\dragonfly.pdb'; linking object as if no debug info
libdragonfly-x64-release.lib(Frame.obj) : warning LNK4099: PDB 'dragonfly.pdb' was not found with 'libdragonfly-x64-release.lib(Frame.obj)' or at 'C:\Users\di\Documents\Visual Studio 2017\Projects\game0\vs-2019\x64\Release\dragonfly.pdb'; linking object as if no debug info
libdragonfly-x64-release.lib(GameManager.obj) : warning LNK4099: PDB 'dragonfly.pdb' was not found with 'libdragonfly-x64-release.lib(GameManager.obj)' or at 'C:\Users\di\Documents\Visual Studio 2017\Projects\game0\vs-2019\x64\Release\dragonfly.pdb'; linking object as if no debug info
libdragonfly-x64-release.lib(InputManager.obj) : warning LNK4099: PDB 'dragonfly.pdb' was not found with 'libdragonfly-x64-release.lib(InputManager.obj)' or at 'C:\Users\di\Documents\Visual Studio 2017\Projects\game0\vs-2019\x64\Release\dragonfly.pdb'; linking object as if no debug info
libdragonfly-x64-release.lib(Line.obj) : warning LNK4099: PDB 'dragonfly.pdb' was not found with 'libdragonfly-x64-release.lib(Line.obj)' or at 'C:\Users\di\Documents\Visual Studio 2017\Projects\game0\vs-2019\x64\Release\dragonfly.pdb'; linking object as if no debug info
libdragonfly-x64-release.lib(LogManager.obj) : warning LNK4099: PDB 'dragonfly.pdb' was not found with 'libdragonfly-x64-release.lib(LogManager.obj)' or at 'C:\Users\di\Documents\Visual Studio 2017\Projects\game0\vs-2019\x64\Release\dragonfly.pdb'; linking object as if no debug info
libdragonfly-x64-release.lib(Manager.obj) : warning LNK4099: PDB 'dragonfly.pdb' was not found with 'libdragonfly-x64-release.lib(Manager.obj)' or at 'C:\Users\di\Documents\Visual Studio 2017\Projects\game0\vs-2019\x64\Release\dragonfly.pdb'; linking object as if no debug info
libdragonfly-x64-release.lib(Music.obj) : warning LNK4099: PDB 'dragonfly.pdb' was not found with 'libdragonfly-x64-release.lib(Music.obj)' or at 'C:\Users\di\Documents\Visual Studio 2017\Projects\game0\vs-2019\x64\Release\dragonfly.pdb'; linking object as if no debug info
libdragonfly-x64-release.lib(NetworkManager.obj) : warning LNK4099: PDB 'dragonfly.pdb' was not found with 'libdragonfly-x64-release.lib(NetworkManager.obj)' or at 'C:\Users\di\Documents\Visual Studio 2017\Projects\game0\vs-2019\x64\Release\dragonfly.pdb'; linking object as if no debug info
libdragonfly-x64-release.lib(Object.obj) : warning LNK4099: PDB 'dragonfly.pdb' was not found with 'libdragonfly-x64-release.lib(Object.obj)' or at 'C:\Users\di\Documents\Visual Studio 2017\Projects\game0\vs-2019\x64\Release\dragonfly.pdb'; linking object as if no debug info
libdragonfly-x64-release.lib(ObjectList.obj) : warning LNK4099: PDB 'dragonfly.pdb' was not found with 'libdragonfly-x64-release.lib(ObjectList.obj)' or at 'C:\Users\di\Documents\Visual Studio 2017\Projects\game0\vs-2019\x64\Release\dragonfly.pdb'; linking object as if no debug info
libdragonfly-x64-release.lib(ObjectListIterator.obj) : warning LNK4099: PDB 'dragonfly.pdb' was not found with 'libdragonfly-x64-release.lib(ObjectListIterator.obj)' or at 'C:\Users\di\Documents\Visual Studio 2017\Projects\game0\vs-2019\x64\Release\dragonfly.pdb'; linking object as if no debug info
libdragonfly-x64-release.lib(Particle.obj) : warning LNK4099: PDB 'dragonfly.pdb' was not found with 'libdragonfly-x64-release.lib(Particle.obj)' or at 'C:\Users\di\Documents\Visual Studio 2017\Projects\game0\vs-2019\x64\Release\dragonfly.pdb'; linking object as if no debug info
libdragonfly-x64-release.lib(Path.obj) : warning LNK4099: PDB 'dragonfly.pdb' was not found with 'libdragonfly-x64-release.lib(Path.obj)' or at 'C:\Users\di\Documents\Visual Studio 2017\Projects\game0\vs-2019\x64\Release\dragonfly.pdb'; linking object as if no debug info
libdragonfly-x64-release.lib(PathFind.obj) : warning LNK4099: PDB 'dragonfly.pdb' was not found with 'libdragonfly-x64-release.lib(PathFind.obj)' or at 'C:\Users\di\Documents\Visual Studio 2017\Projects\game0\vs-2019\x64\Release\dragonfly.pdb'; linking object as if no debug info
libdragonfly-x64-release.lib(PathManager.obj) : warning LNK4099: PDB 'dragonfly.pdb' was not found with 'libdragonfly-x64-release.lib(PathManager.obj)' or at 'C:\Users\di\Documents\Visual Studio 2017\Projects\game0\vs-2019\x64\Release\dragonfly.pdb'; linking object as if no debug info
libdragonfly-x64-release.lib(Precipitation.obj) : warning LNK4099: PDB 'dragonfly.pdb' was not found with 'libdragonfly-x64-release.lib(Precipitation.obj)' or at 'C:\Users\di\Documents\Visual Studio 2017\Projects\game0\vs-2019\x64\Release\dragonfly.pdb'; linking object as if no debug info
libdragonfly-x64-release.lib(ResourceManager.obj) : warning LNK4099: PDB 'dragonfly.pdb' was not found with 'libdragonfly-x64-release.lib(ResourceManager.obj)' or at 'C:\Users\di\Documents\Visual Studio 2017\Projects\game0\vs-2019\x64\Release\dragonfly.pdb'; linking object as if no debug info
libdragonfly-x64-release.lib(SceneGraph.obj) : warning LNK4099: PDB 'dragonfly.pdb' was not found with 'libdragonfly-x64-release.lib(SceneGraph.obj)' or at 'C:\Users\di\Documents\Visual Studio 2017\Projects\game0\vs-2019\x64\Release\dragonfly.pdb'; linking object as if no debug info
libdragonfly-x64-release.lib(Shape.obj) : warning LNK4099: PDB 'dragonfly.pdb' was not found with 'libdragonfly-x64-release.lib(Shape.obj)' or at 'C:\Users\di\Documents\Visual Studio 2017\Projects\game0\vs-2019\x64\Release\dragonfly.pdb'; linking object as if no debug info
libdragonfly-x64-release.lib(Sound.obj) : warning LNK4099: PDB 'dragonfly.pdb' was not found with 'libdragonfly-x64-release.lib(Sound.obj)' or at 'C:\Users\di\Documents\Visual Studio 2017\Projects\game0\vs-2019\x64\Release\dragonfly.pdb'; linking object as if no debug info
libdragonfly-x64-release.lib(Splash.obj) : warning LNK4099: PDB 'dragonfly.pdb' was not found with 'libdragonfly-x64-release.lib(Splash.obj)' or at 'C:\Users\di\Documents\Visual Studio 2017\Projects\game0\vs-2019\x64\Release\dragonfly.pdb'; linking object as if no debug info
libdragonfly-x64-release.lib(SplashDragonfly.obj) : warning LNK4099: PDB 'dragonfly.pdb' was not found with 'libdragonfly-x64-release.lib(SplashDragonfly.obj)' or at 'C:\Users\di\Documents\Visual Studio 2017\Projects\game0\vs-2019\x64\Release\dragonfly.pdb'; linking object as if no debug info
libdragonfly-x64-release.lib(Sprite.obj) : warning LNK4099: PDB 'dragonfly.pdb' was not found with 'libdragonfly-x64-release.lib(Sprite.obj)' or at 'C:\Users\di\Documents\Visual Studio 2017\Projects\game0\vs-2019\x64\Release\dragonfly.pdb'; linking object as if no debug info
libdragonfly-x64-release.lib(utility.obj) : warning LNK4099: PDB 'dragonfly.pdb' was not found with 'libdragonfly-x64-release.lib(utility.obj)' or at 'C:\Users\di\Documents\Visual Studio 2017\Projects\game0\vs-2019\x64\Release\dragonfly.pdb'; linking object as if no debug info
libdragonfly-x64-release.lib(Vector.obj) : warning LNK4099: PDB 'dragonfly.pdb' was not found with 'libdragonfly-x64-release.lib(Vector.obj)' or at 'C:\Users\di\Documents\Visual Studio 2017\Projects\game0\vs-2019\x64\Release\dragonfly.pdb'; linking object as if no debug info
libdragonfly-x64-release.lib(WorldManager.obj) : warning LNK4099: PDB 'dragonfly.pdb' was not found with 'libdragonfly-x64-release.lib(WorldManager.obj)' or at 'C:\Users\di\Documents\Visual Studio 2017\Projects\game0\vs-2019\x64\Release\dragonfly.pdb'; linking object as if no debug info
  saucer-shoot.vcxproj -> C:\Users\di\Documents\Visual Studio 2017\Projects\game0\vs-2019\x64\Release\saucer-shoot.exe
